# JRE version: Java(TM) SE Runtime Environment (8.0_171-b11) (build 1.8.0_171-b11)
# Java VM: Java HotSpot(TM) 64-Bit Server VM (25.171-b11 mixed mode linux-amd64 compressed oops)
Heap:
 PSYoungGen      total 381952K, used 15345K [0x00000000d6e00000, 0x00000000ef200000, 0x0000000100000000)
  eden space 366592K, 0% used [0x00000000d6e00000,0x00000000d6e00000,0x00000000ed400000)
  from space 15360K, 99% used [0x00000000ed400000,0x00000000ee2fc7e8,0x00000000ee300000)
  to   space 13312K, 0% used [0x00000000ee500000,0x00000000ee500000,0x00000000ef200000)
 ParOldGen       total 67584K, used 30499K [0x0000000084a00000, 0x0000000088c00000, 0x00000000d6e00000)
  object space 67584K, 45% used [0x0000000084a00000,0x00000000867c8e98,0x0000000088c00000)
 Metaspace       used 48901K, capacity 51664K, committed 51840K, reserved 1093632K
  class space    used 6599K, capacity 7169K, committed 7296K, reserved 1048576K
GC Heap History (10 events):
Event: 8.670 GC heap after
Heap after GC invocations=8 (full 1):
 PSYoungGen      total 137216K, used 8775K [0x00000000d6e00000, 0x00000000e7100000, 0x0000000100000000)
  eden space 126976K, 0% used [0x00000000d6e00000,0x00000000d6e00000,0x00000000dea00000)
  from space 10240K, 85% used [0x00000000dea00000,0x00000000df291d48,0x00000000df400000)
  to   space 10752K, 0% used [0x00000000e6680000,0x00000000e6680000,0x00000000e7100000)
 ParOldGen       total 44544K, used 5698K [0x0000000084a00000, 0x0000000087580000, 0x00000000d6e00000)
  object space 44544K, 12% used [0x0000000084a00000,0x0000000084f90b68,0x0000000087580000)
 Metaspace       used 24189K, capacity 25052K, committed 25216K, reserved 1071104K
  class space    used 3251K, capacity 3454K, committed 3456K, reserved 1048576K
}
Event: 9.535 GC heap before
{Heap before GC invocations=9 (full 1):
 PSYoungGen      total 137216K, used 135751K [0x00000000d6e00000, 0x00000000e7100000, 0x0000000100000000)
  eden space 126976K, 100% used [0x00000000d6e00000,0x00000000dea00000,0x00000000dea00000)
  from space 10240K, 85% used [0x00000000dea00000,0x00000000df291d48,0x00000000df400000)
  to   space 10752K, 0% used [0x00000000e6680000,0x00000000e6680000,0x00000000e7100000)
 ParOldGen       total 44544K, used 5698K [0x0000000084a00000, 0x0000000087580000, 0x00000000d6e00000)
  object space 44544K, 12% used [0x0000000084a00000,0x0000000084f90b68,0x0000000087580000)
 Metaspace       used 26633K, capacity 27624K, committed 27904K, reserved 1073152K
  class space    used 3554K, capacity 3805K, committed 3840K, reserved 1048576K
Event: 9.541 GC heap after
Heap after GC invocations=9 (full 1):
 PSYoungGen      total 251392K, used 10117K [0x00000000d6e00000, 0x00000000e7080000, 0x0000000100000000)
  eden space 241152K, 0% used [0x00000000d6e00000,0x00000000d6e00000,0x00000000e5980000)
  from space 10240K, 98% used [0x00000000e6680000,0x00000000e7061508,0x00000000e7080000)
  to   space 11776K, 0% used [0x00000000e5980000,0x00000000e5980000,0x00000000e6500000)
 ParOldGen       total 44544K, used 5706K [0x0000000084a00000, 0x0000000087580000, 0x00000000d6e00000)
  object space 44544K, 12% used [0x0000000084a00000,0x0000000084f92b68,0x0000000087580000)
 Metaspace       used 26633K, capacity 27624K, committed 27904K, reserved 1073152K
  class space    used 3554K, capacity 3805K, committed 3840K, reserved 1048576K
}
Event: 11.074 GC heap before
{Heap before GC invocations=10 (full 1):
 PSYoungGen      total 251392K, used 251269K [0x00000000d6e00000, 0x00000000e7080000, 0x0000000100000000)
  eden space 241152K, 100% used [0x00000000d6e00000,0x00000000e5980000,0x00000000e5980000)
  from space 10240K, 98% used [0x00000000e6680000,0x00000000e7061508,0x00000000e7080000)
  to   space 11776K, 0% used [0x00000000e5980000,0x00000000e5980000,0x00000000e6500000)
 ParOldGen       total 44544K, used 5706K [0x0000000084a00000, 0x0000000087580000, 0x00000000d6e00000)
  object space 44544K, 12% used [0x0000000084a00000,0x0000000084f92b68,0x0000000087580000)
 Metaspace       used 32905K, capacity 34484K, committed 34816K, reserved 1079296K
  class space    used 4462K, capacity 4775K, committed 4864K, reserved 1048576K
Event: 11.087 GC heap after
Heap after GC invocations=10 (full 1):
 PSYoungGen      total 252928K, used 11744K [0x00000000d6e00000, 0x00000000ef480000, 0x0000000100000000)
  eden space 241152K, 0% used [0x00000000d6e00000,0x00000000d6e00000,0x00000000e5980000)
  from space 11776K, 99% used [0x00000000e5980000,0x00000000e64f8020,0x00000000e6500000)
  to   space 15872K, 0% used [0x00000000ee500000,0x00000000ee500000,0x00000000ef480000)
 ParOldGen       total 44544K, used 11888K [0x0000000084a00000, 0x0000000087580000, 0x00000000d6e00000)
  object space 44544K, 26% used [0x0000000084a00000,0x000000008559c098,0x0000000087580000)
 Metaspace       used 32905K, capacity 34484K, committed 34816K, reserved 1079296K
  class space    used 4462K, capacity 4775K, committed 4864K, reserved 1048576K
}
Event: 11.630 GC heap before
{Heap before GC invocations=11 (full 1):
 PSYoungGen      total 252928K, used 46430K [0x00000000d6e00000, 0x00000000ef480000, 0x0000000100000000)
  eden space 241152K, 14% used [0x00000000d6e00000,0x00000000d8fdf9e0,0x00000000e5980000)
  from space 11776K, 99% used [0x00000000e5980000,0x00000000e64f8020,0x00000000e6500000)
  to   space 15872K, 0% used [0x00000000ee500000,0x00000000ee500000,0x00000000ef480000)
 ParOldGen       total 44544K, used 11888K [0x0000000084a00000, 0x0000000087580000, 0x00000000d6e00000)
  object space 44544K, 26% used [0x0000000084a00000,0x000000008559c098,0x0000000087580000)
 Metaspace       used 33781K, capacity 35354K, committed 35456K, reserved 1079296K
  class space    used 4580K, capacity 4914K, committed 4992K, reserved 1048576K
Event: 11.643 GC heap after
Heap after GC invocations=11 (full 1):
 PSYoungGen      total 379904K, used 7914K [0x00000000d6e00000, 0x00000000ef200000, 0x0000000100000000)
  eden space 366592K, 0% used [0x00000000d6e00000,0x00000000d6e00000,0x00000000ed400000)
  from space 13312K, 59% used [0x00000000ee500000,0x00000000eecba8b0,0x00000000ef200000)
  to   space 15360K, 0% used [0x00000000ed400000,0x00000000ed400000,0x00000000ee300000)
 ParOldGen       total 44544K, used 17915K [0x0000000084a00000, 0x0000000087580000, 0x00000000d6e00000)
  object space 44544K, 40% used [0x0000000084a00000,0x0000000085b7ec50,0x0000000087580000)
 Metaspace       used 33781K, capacity 35354K, committed 35456K, reserved 1079296K
  class space    used 4580K, capacity 4914K, committed 4992K, reserved 1048576K
}
Event: 11.643 GC heap before
{Heap before GC invocations=12 (full 2):
 PSYoungGen      total 379904K, used 7914K [0x00000000d6e00000, 0x00000000ef200000, 0x0000000100000000)
  eden space 366592K, 0% used [0x00000000d6e00000,0x00000000d6e00000,0x00000000ed400000)
  from space 13312K, 59% used [0x00000000ee500000,0x00000000eecba8b0,0x00000000ef200000)
  to   space 15360K, 0% used [0x00000000ed400000,0x00000000ed400000,0x00000000ee300000)
 ParOldGen       total 44544K, used 17915K [0x0000000084a00000, 0x0000000087580000, 0x00000000d6e00000)
  object space 44544K, 40% used [0x0000000084a00000,0x0000000085b7ec50,0x0000000087580000)
 Metaspace       used 33781K, capacity 35354K, committed 35456K, reserved 1079296K
  class space    used 4580K, capacity 4914K, committed 4992K, reserved 1048576K
Event: 11.687 GC heap after
Heap after GC invocations=12 (full 2):
 PSYoungGen      total 379904K, used 0K [0x00000000d6e00000, 0x00000000ef200000, 0x0000000100000000)
  eden space 366592K, 0% used [0x00000000d6e00000,0x00000000d6e00000,0x00000000ed400000)
  from space 13312K, 0% used [0x00000000ee500000,0x00000000ee500000,0x00000000ef200000)
  to   space 15360K, 0% used [0x00000000ed400000,0x00000000ed400000,0x00000000ee300000)
 ParOldGen       total 67584K, used 19935K [0x0000000084a00000, 0x0000000088c00000, 0x00000000d6e00000)
  object space 67584K, 29% used [0x0000000084a00000,0x0000000085d77c00,0x0000000088c00000)
 Metaspace       used 33781K, capacity 35354K, committed 35456K, reserved 1079296K
  class space    used 4580K, capacity 4914K, committed 4992K, reserved 1048576K
}
Event: 18.187 GC heap before
{Heap before GC invocations=13 (full 2):
 PSYoungGen      total 379904K, used 366592K [0x00000000d6e00000, 0x00000000ef200000, 0x0000000100000000)
  eden space 366592K, 100% used [0x00000000d6e00000,0x00000000ed400000,0x00000000ed400000)
  from space 13312K, 0% used [0x00000000ee500000,0x00000000ee500000,0x00000000ef200000)
  to   space 15360K, 0% used [0x00000000ed400000,0x00000000ed400000,0x00000000ee300000)
 ParOldGen       total 67584K, used 19935K [0x0000000084a00000, 0x0000000088c00000, 0x00000000d6e00000)
  object space 67584K, 29% used [0x0000000084a00000,0x0000000085d77c00,0x0000000088c00000)
 Metaspace       used 48901K, capacity 51664K, committed 51840K, reserved 1093632K
  class space    used 6599K, capacity 7169K, committed 7296K, reserved 1048576K

