# JRE version: Java(TM) SE Runtime Environment (8.0_171-b11) (build 1.8.0_171-b11)
# Java VM: Java HotSpot(TM) 64-Bit Server VM (25.171-b11 mixed mode linux-amd64 compressed oops)
Heap:
 PSYoungGen      total 471040K, used 12304K [0x00000000d6e00000, 0x00000000f4f80000, 0x0000000100000000)
  eden space 450560K, 0% used [0x00000000d6e00000,0x00000000d6e00000,0x00000000f2600000)
  from space 20480K, 60% used [0x00000000f2780000,0x00000000f3384330,0x00000000f3b80000)
  to   space 10752K, 0% used [0x00000000f4500000,0x00000000f4500000,0x00000000f4f80000)
 ParOldGen       total 185856K, used 173941K [0x0000000084a00000, 0x000000008ff80000, 0x00000000d6e00000)
  object space 185856K, 93% used [0x0000000084a00000,0x000000008f3dd5d0,0x000000008ff80000)
 Metaspace       used 60292K, capacity 63786K, committed 63872K, reserved 1103872K
  class space    used 8301K, capacity 9082K, committed 9088K, reserved 1048576K
GC Heap History (10 events):
Event: 24.881 GC heap after
Heap after GC invocations=11 (full 1):
 PSYoungGen      total 343552K, used 6170K [0x00000000d6e00000, 0x00000000ed200000, 0x0000000100000000)
  eden space 327168K, 0% used [0x00000000d6e00000,0x00000000d6e00000,0x00000000ead80000)
  from space 16384K, 37% used [0x00000000ebd00000,0x00000000ec306aa8,0x00000000ecd00000)
  to   space 15872K, 0% used [0x00000000ead80000,0x00000000ead80000,0x00000000ebd00000)
 ParOldGen       total 50688K, used 20062K [0x0000000084a00000, 0x0000000087b80000, 0x00000000d6e00000)
  object space 50688K, 39% used [0x0000000084a00000,0x0000000085d979f0,0x0000000087b80000)
 Metaspace       used 33772K, capacity 35394K, committed 35456K, reserved 1079296K
  class space    used 4594K, capacity 4942K, committed 4992K, reserved 1048576K
}
Event: 24.881 GC heap before
{Heap before GC invocations=12 (full 2):
 PSYoungGen      total 343552K, used 6170K [0x00000000d6e00000, 0x00000000ed200000, 0x0000000100000000)
  eden space 327168K, 0% used [0x00000000d6e00000,0x00000000d6e00000,0x00000000ead80000)
  from space 16384K, 37% used [0x00000000ebd00000,0x00000000ec306aa8,0x00000000ecd00000)
  to   space 15872K, 0% used [0x00000000ead80000,0x00000000ead80000,0x00000000ebd00000)
 ParOldGen       total 50688K, used 20062K [0x0000000084a00000, 0x0000000087b80000, 0x00000000d6e00000)
  object space 50688K, 39% used [0x0000000084a00000,0x0000000085d979f0,0x0000000087b80000)
 Metaspace       used 33772K, capacity 35394K, committed 35456K, reserved 1079296K
  class space    used 4594K, capacity 4942K, committed 4992K, reserved 1048576K
Event: 24.936 GC heap after
Heap after GC invocations=12 (full 2):
 PSYoungGen      total 343552K, used 0K [0x00000000d6e00000, 0x00000000ed200000, 0x0000000100000000)
  eden space 327168K, 0% used [0x00000000d6e00000,0x00000000d6e00000,0x00000000ead80000)
  from space 16384K, 0% used [0x00000000ebd00000,0x00000000ebd00000,0x00000000ecd00000)
  to   space 15872K, 0% used [0x00000000ead80000,0x00000000ead80000,0x00000000ebd00000)
 ParOldGen       total 71680K, used 18644K [0x0000000084a00000, 0x0000000089000000, 0x00000000d6e00000)
  object space 71680K, 26% used [0x0000000084a00000,0x0000000085c35218,0x0000000089000000)
 Metaspace       used 33772K, capacity 35394K, committed 35456K, reserved 1079296K
  class space    used 4594K, capacity 4942K, committed 4992K, reserved 1048576K
}
Event: 30.878 GC heap before
{Heap before GC invocations=13 (full 2):
 PSYoungGen      total 343552K, used 327168K [0x00000000d6e00000, 0x00000000ed200000, 0x0000000100000000)
  eden space 327168K, 100% used [0x00000000d6e00000,0x00000000ead80000,0x00000000ead80000)
  from space 16384K, 0% used [0x00000000ebd00000,0x00000000ebd00000,0x00000000ecd00000)
  to   space 15872K, 0% used [0x00000000ead80000,0x00000000ead80000,0x00000000ebd00000)
 ParOldGen       total 71680K, used 18644K [0x0000000084a00000, 0x0000000089000000, 0x00000000d6e00000)
  object space 71680K, 26% used [0x0000000084a00000,0x0000000085c35218,0x0000000089000000)
 Metaspace       used 46914K, capacity 49604K, committed 49792K, reserved 1091584K
  class space    used 6399K, capacity 6927K, committed 7040K, reserved 1048576K
Event: 30.901 GC heap after
Heap after GC invocations=13 (full 2):
 PSYoungGen      total 343040K, used 15851K [0x00000000d6e00000, 0x00000000f5a00000, 0x0000000100000000)
  eden space 327168K, 0% used [0x00000000d6e00000,0x00000000d6e00000,0x00000000ead80000)
  from space 15872K, 99% used [0x00000000ead80000,0x00000000ebcfac40,0x00000000ebd00000)
  to   space 21504K, 0% used [0x00000000f4500000,0x00000000f4500000,0x00000000f5a00000)
 ParOldGen       total 71680K, used 27278K [0x0000000084a00000, 0x0000000089000000, 0x00000000d6e00000)
  object space 71680K, 38% used [0x0000000084a00000,0x00000000864a39e0,0x0000000089000000)
 Metaspace       used 46914K, capacity 49604K, committed 49792K, reserved 1091584K
  class space    used 6399K, capacity 6927K, committed 7040K, reserved 1048576K
}
Event: 42.184 GC heap before
{Heap before GC invocations=14 (full 2):
 PSYoungGen      total 343040K, used 174686K [0x00000000d6e00000, 0x00000000f5a00000, 0x0000000100000000)
  eden space 327168K, 48% used [0x00000000d6e00000,0x00000000e091cd98,0x00000000ead80000)
  from space 15872K, 99% used [0x00000000ead80000,0x00000000ebcfac40,0x00000000ebd00000)
  to   space 21504K, 0% used [0x00000000f4500000,0x00000000f4500000,0x00000000f5a00000)
 ParOldGen       total 71680K, used 27278K [0x0000000084a00000, 0x0000000089000000, 0x00000000d6e00000)
  object space 71680K, 38% used [0x0000000084a00000,0x00000000864a39e0,0x0000000089000000)
 Metaspace       used 55773K, capacity 59034K, committed 59096K, reserved 1099776K
  class space    used 7598K, capacity 8316K, committed 8320K, reserved 1048576K
Event: 42.292 GC heap after
Heap after GC invocations=14 (full 2):
 PSYoungGen      total 461312K, used 10586K [0x00000000d6e00000, 0x00000000f4f80000, 0x0000000100000000)
  eden space 450560K, 0% used [0x00000000d6e00000,0x00000000d6e00000,0x00000000f2600000)
  from space 10752K, 98% used [0x00000000f4500000,0x00000000f4f56a78,0x00000000f4f80000)
  to   space 20480K, 0% used [0x00000000f2780000,0x00000000f2780000,0x00000000f3b80000)
 ParOldGen       total 71680K, used 42533K [0x0000000084a00000, 0x0000000089000000, 0x00000000d6e00000)
  object space 71680K, 59% used [0x0000000084a00000,0x0000000087389690,0x0000000089000000)
 Metaspace       used 55773K, capacity 59034K, committed 59096K, reserved 1099776K
  class space    used 7598K, capacity 8316K, committed 8320K, reserved 1048576K
}
Event: 42.300 GC heap before
{Heap before GC invocations=15 (full 3):
 PSYoungGen      total 461312K, used 10586K [0x00000000d6e00000, 0x00000000f4f80000, 0x0000000100000000)
  eden space 450560K, 0% used [0x00000000d6e00000,0x00000000d6e00000,0x00000000f2600000)
  from space 10752K, 98% used [0x00000000f4500000,0x00000000f4f56a78,0x00000000f4f80000)
  to   space 20480K, 0% used [0x00000000f2780000,0x00000000f2780000,0x00000000f3b80000)
 ParOldGen       total 71680K, used 42533K [0x0000000084a00000, 0x0000000089000000, 0x00000000d6e00000)
  object space 71680K, 59% used [0x0000000084a00000,0x0000000087389690,0x0000000089000000)
 Metaspace       used 55773K, capacity 59034K, committed 59096K, reserved 1099776K
  class space    used 7598K, capacity 8316K, committed 8320K, reserved 1048576K
Event: 42.752 GC heap after
Heap after GC invocations=15 (full 3):
 PSYoungGen      total 461312K, used 0K [0x00000000d6e00000, 0x00000000f4f80000, 0x0000000100000000)
  eden space 450560K, 0% used [0x00000000d6e00000,0x00000000d6e00000,0x00000000f2600000)
  from space 10752K, 0% used [0x00000000f4500000,0x00000000f4500000,0x00000000f4f80000)
  to   space 20480K, 0% used [0x00000000f2780000,0x00000000f2780000,0x00000000f3b80000)
 ParOldGen       total 118272K, used 42861K [0x0000000084a00000, 0x000000008bd80000, 0x00000000d6e00000)
  object space 118272K, 36% used [0x0000000084a00000,0x00000000873db550,0x000000008bd80000)
 Metaspace       used 55773K, capacity 59034K, committed 59096K, reserved 1099776K
  class space    used 7598K, capacity 8316K, committed 8320K, reserved 1048576K
}
Event: 86.096 GC heap before
{Heap before GC invocations=16 (full 3):
 PSYoungGen      total 461312K, used 450560K [0x00000000d6e00000, 0x00000000f4f80000, 0x0000000100000000)
  eden space 450560K, 100% used [0x00000000d6e00000,0x00000000f2600000,0x00000000f2600000)
  from space 10752K, 0% used [0x00000000f4500000,0x00000000f4500000,0x00000000f4f80000)
  to   space 20480K, 0% used [0x00000000f2780000,0x00000000f2780000,0x00000000f3b80000)
 ParOldGen       total 118272K, used 42861K [0x0000000084a00000, 0x000000008bd80000, 0x00000000d6e00000)
  object space 118272K, 36% used [0x0000000084a00000,0x00000000873db550,0x000000008bd80000)
 Metaspace       used 60292K, capacity 63786K, committed 63872K, reserved 1103872K
  class space    used 8301K, capacity 9082K, committed 9088K, reserved 1048576K

